<?xml version="1.0" encoding="UTF-8"?>
<testng-results ignored="0" total="1" passed="1" failed="0" skipped="0">
  <reporter-output>
  </reporter-output>
  <suite started-at="2024-12-14T12:44:10 IST" name="Surefire suite" finished-at="2024-12-14T12:44:18 IST" duration-ms="7343">
    <groups>
    </groups>
    <test started-at="2024-12-14T12:44:10 IST" name="Surefire test" finished-at="2024-12-14T12:44:18 IST" duration-ms="7343">
      <class name="zz.com.Demo2.Day1">
        <test-method signature="Day1()[pri:0, instance:zz.com.Demo2.Day1@38364841]" started-at="2024-12-14T12:44:10 IST" name="Day1" finished-at="2024-12-14T12:44:18 IST" duration-ms="7308" status="PASS">
          <reporter-output>
          </reporter-output>
        </test-method> <!-- Day1 -->
      </class> <!-- zz.com.Demo2.Day1 -->
    </test> <!-- Surefire test -->
  </suite> <!-- Surefire suite -->
</testng-results>
